<?xml version="1.0" encoding="UTF-8"?>
<!-- Generated by org.testng.reporters.JUnitXMLReporter -->
<testsuite ignored="0" hostname="AGRNT-WS-002" failures="0" tests="4" name="Default test" time="0.339" errors="0" timestamp="2022-09-01T18:46:21 IST">
  <testcase classname="Datadriven.excelDataProvider.DataProvidee" name="testCaseData" time="0.003"/>
  <testcase classname="Datadriven.excelDataProvider.DataProvidee" name="testCaseData" time="0.001"/>
  <testcase classname="Datadriven.excelDataProvider.DataProvidee" name="testCaseData" time="0.001"/>
  <testcase classname="Datadriven.excelDataProvider.DataProvidee" name="testCaseData" time="0.001"/>
</testsuite> <!-- Default test -->
