<?xml version="1.0" encoding="UTF-8"?>
<testng-results ignored="0" total="4" passed="4" failed="0" skipped="0">
  <reporter-output>
  </reporter-output>
  <suite started-at="2022-09-01T18:46:21 IST" name="Default suite" finished-at="2022-09-01T18:46:21 IST" duration-ms="339">
    <groups>
    </groups>
    <test started-at="2022-09-01T18:46:21 IST" name="Default test" finished-at="2022-09-01T18:46:21 IST" duration-ms="339">
      <class name="Datadriven.excelDataProvider.DataProvidee">
        <test-method signature="testCaseData(java.lang.String,java.lang.String,java.lang.String)[pri:0, instance:Datadriven.excelDataProvider.DataProvidee@6574a52c]" started-at="2022-09-01T18:46:21 IST" name="testCaseData" data-provider="driveTest" finished-at="2022-09-01T18:46:21 IST" duration-ms="3" status="PASS">
          <params>
            <param index="0">
              <value>
                <![CDATA[hello]]>
              </value>
            </param>
            <param index="1">
              <value>
                <![CDATA[text]]>
              </value>
            </param>
            <param index="2">
              <value>
                <![CDATA[1]]>
              </value>
            </param>
          </params>
          <reporter-output>
          </reporter-output>
        </test-method> <!-- testCaseData -->
        <test-method signature="testCaseData(java.lang.String,java.lang.String,java.lang.String)[pri:0, instance:Datadriven.excelDataProvider.DataProvidee@6574a52c]" started-at="2022-09-01T18:46:21 IST" name="testCaseData" data-provider="driveTest" finished-at="2022-09-01T18:46:21 IST" duration-ms="1" status="PASS">
          <params>
            <param index="0">
              <value>
                <![CDATA[bye]]>
              </value>
            </param>
            <param index="1">
              <value>
                <![CDATA[message]]>
              </value>
            </param>
            <param index="2">
              <value>
                <![CDATA[143]]>
              </value>
            </param>
          </params>
          <reporter-output>
          </reporter-output>
        </test-method> <!-- testCaseData -->
        <test-method signature="testCaseData(java.lang.String,java.lang.String,java.lang.String)[pri:0, instance:Datadriven.excelDataProvider.DataProvidee@6574a52c]" started-at="2022-09-01T18:46:21 IST" name="testCaseData" data-provider="driveTest" finished-at="2022-09-01T18:46:21 IST" duration-ms="1" status="PASS">
          <params>
            <param index="0">
              <value>
                <![CDATA[solo]]>
              </value>
            </param>
            <param index="1">
              <value>
                <![CDATA[call]]>
              </value>
            </param>
            <param index="2">
              <value>
                <![CDATA[453]]>
              </value>
            </param>
          </params>
          <reporter-output>
          </reporter-output>
        </test-method> <!-- testCaseData -->
        <test-method signature="testCaseData(java.lang.String,java.lang.String,java.lang.String)[pri:0, instance:Datadriven.excelDataProvider.DataProvidee@6574a52c]" started-at="2022-09-01T18:46:21 IST" name="testCaseData" data-provider="driveTest" finished-at="2022-09-01T18:46:21 IST" duration-ms="1" status="PASS">
          <params>
            <param index="0">
              <value>
                <![CDATA[]]>
              </value>
            </param>
            <param index="1">
              <value>
                <![CDATA[]]>
              </value>
            </param>
            <param index="2">
              <value>
                <![CDATA[]]>
              </value>
            </param>
          </params>
          <reporter-output>
          </reporter-output>
        </test-method> <!-- testCaseData -->
      </class> <!-- Datadriven.excelDataProvider.DataProvidee -->
    </test> <!-- Default test -->
  </suite> <!-- Default suite -->
</testng-results>
